<?xml version="1.0" encoding="utf-8"?><testsuites name="pytest tests"><testsuite name="pytest" errors="0" failures="0" skipped="0" tests="12" time="6.020" timestamp="2026-02-13T12:01:13.879486+00:00" hostname="agent-env-606649d8-3b1f-4b0e-a957-c5de2c9f0101"><testcase classname="backend.tests.test_new_features.TestOTPFlow" name="test_send_otp_with_phone_and_email" time="0.213" /><testcase classname="backend.tests.test_new_features.TestOTPFlow" name="test_send_otp_phone_only" time="0.281" /><testcase classname="backend.tests.test_new_features.TestAdminDashboard" name="test_dashboard_stats_has_birthday_widgets" time="0.677" /><testcase classname="backend.tests.test_new_features.TestAdminDashboard" name="test_dashboard_stats_has_renewal_widget" time="0.499" /><testcase classname="backend.tests.test_new_features.TestAdminDashboard" name="test_dashboard_stats_has_absentee_widget" time="0.806" /><testcase classname="backend.tests.test_new_features.TestAdminDashboard" name="test_dashboard_stats_basic_fields" time="0.617" /><testcase classname="backend.tests.test_new_features.TestHealthLogs" name="test_create_health_log" time="0.637" /><testcase classname="backend.tests.test_new_features.TestHealthLogs" name="test_create_health_log_bmi_calculation" time="0.557" /><testcase classname="backend.tests.test_new_features.TestHealthLogs" name="test_create_health_log_weight_only" time="0.458" /><testcase classname="backend.tests.test_new_features.TestHealthLogs" name="test_get_health_logs" time="0.645" /><testcase classname="backend.tests.test_new_features.TestAuthFlow" name="test_admin_login" time="0.408" /><testcase classname="backend.tests.test_new_features.TestAuthFlow" name="test_invalid_login" time="0.154" /></testsuite></testsuites>