<?xml version="1.0" encoding="utf-8"?><testsuites name="pytest tests"><testsuite name="pytest" errors="0" failures="0" skipped="0" tests="12" time="4.575" timestamp="2026-02-14T09:49:08.737049+00:00" hostname="agent-env-7523108b-4e16-4078-b9c7-56615844adf4"><testcase classname="backend.tests.test_iteration8.TestHealthCheck" name="test_health_endpoint" time="0.298" /><testcase classname="backend.tests.test_iteration8.TestAdminAuth" name="test_admin_login_success" time="0.402" /><testcase classname="backend.tests.test_iteration8.TestAdminAuth" name="test_admin_login_wrong_password" time="0.322" /><testcase classname="backend.tests.test_iteration8.TestAdminAuth" name="test_admin_login_wrong_email" time="0.104" /><testcase classname="backend.tests.test_iteration8.TestDashboardStats" name="test_dashboard_stats_returns_correct_structure" time="0.491" /><testcase classname="backend.tests.test_iteration8.TestDashboardStats" name="test_dashboard_stats_has_renewals_and_absentees" time="0.467" /><testcase classname="backend.tests.test_iteration8.TestDashboardStats" name="test_dashboard_stats_has_birthdays" time="0.496" /><testcase classname="backend.tests.test_iteration8.TestDashboardStats" name="test_dashboard_stats_requires_auth" time="0.940" /><testcase classname="backend.tests.test_iteration8.TestPublicEndpoints" name="test_plans_public_endpoint" time="0.102" /><testcase classname="backend.tests.test_iteration8.TestPublicEndpoints" name="test_testimonials_public_endpoint" time="0.105" /><testcase classname="backend.tests.test_iteration8.TestPublicEndpoints" name="test_trainers_public_endpoint" time="0.103" /><testcase classname="backend.tests.test_iteration8.TestAuthMe" name="test_auth_me_returns_current_user" time="0.673" /></testsuite></testsuites>