<?xml version="1.0" encoding="utf-8"?><testsuites name="pytest tests"><testsuite name="pytest" errors="0" failures="0" skipped="0" tests="10" time="6.415" timestamp="2026-02-15T09:44:45.673538+00:00" hostname="agent-env-5e27b1f8-b5fa-41d8-9c19-2c4d917f07d6"><testcase classname="backend.tests.test_new_features_iter11.TestHealthCheck" name="test_health_endpoint" time="0.270" /><testcase classname="backend.tests.test_new_features_iter11.TestAuthentication" name="test_admin_login" time="0.443" /><testcase classname="backend.tests.test_new_features_iter11.TestUserHistoryEndpoint" name="test_user_history_endpoint_exists" time="1.104" /><testcase classname="backend.tests.test_new_features_iter11.TestUserHistoryEndpoint" name="test_user_history_nonexistent_user" time="0.116" /><testcase classname="backend.tests.test_new_features_iter11.TestCustomMembershipDates" name="test_membership_with_custom_dates" time="1.097" /><testcase classname="backend.tests.test_new_features_iter11.TestCustomMembershipDates" name="test_membership_with_payment_date" time="0.581" /><testcase classname="backend.tests.test_new_features_iter11.TestCustomMembershipDates" name="test_membership_without_custom_dates" time="0.577" /><testcase classname="backend.tests.test_new_features_iter11.TestInvoiceEndpoint" name="test_invoice_endpoint_exists" time="0.672" /><testcase classname="backend.tests.test_new_features_iter11.TestInvoiceEndpoint" name="test_invoice_nonexistent_payment" time="0.098" /><testcase classname="backend.tests.test_new_features_iter11.TestAutoCalculateDates" name="test_plan_duration_days_available" time="1.383" /></testsuite></testsuites>