<?xml version="1.0" encoding="utf-8"?><testsuites name="pytest tests"><testsuite name="pytest" errors="0" failures="0" skipped="0" tests="17" time="11.675" timestamp="2026-02-13T14:36:50.762979+00:00" hostname="agent-env-3ce56be8-4a15-4146-b691-6848dddebaf2"><testcase classname="backend.tests.test_admin_members.TestGetUsersWithMembership" name="test_get_all_members_with_membership" time="1.354" /><testcase classname="backend.tests.test_admin_members.TestGetUsersWithMembership" name="test_membership_data_structure" time="0.327" /><testcase classname="backend.tests.test_admin_members.TestGetUsersWithMembership" name="test_filter_by_status_active" time="0.128" /><testcase classname="backend.tests.test_admin_members.TestGetUsersWithMembership" name="test_filter_by_status_inactive" time="0.335" /><testcase classname="backend.tests.test_admin_members.TestGetUsersWithMembership" name="test_search_by_name" time="0.350" /><testcase classname="backend.tests.test_admin_members.TestGetUsersWithMembership" name="test_search_by_member_id" time="0.147" /><testcase classname="backend.tests.test_admin_members.TestToggleUserStatus" name="test_disable_user" time="1.203" /><testcase classname="backend.tests.test_admin_members.TestToggleUserStatus" name="test_enable_user" time="0.721" /><testcase classname="backend.tests.test_admin_members.TestToggleUserStatus" name="test_cannot_disable_admin" time="0.607" /><testcase classname="backend.tests.test_admin_members.TestResetPassword" name="test_reset_password_success" time="1.252" /><testcase classname="backend.tests.test_admin_members.TestResetPassword" name="test_reset_password_too_short" time="1.329" /><testcase classname="backend.tests.test_admin_members.TestResetPassword" name="test_reset_password_user_not_found" time="0.138" /><testcase classname="backend.tests.test_admin_members.TestBulkDelete" name="test_bulk_delete_success" time="1.982" /><testcase classname="backend.tests.test_admin_members.TestBulkDelete" name="test_bulk_delete_empty_list" time="0.117" /><testcase classname="backend.tests.test_admin_members.TestRevokeMembership" name="test_revoke_membership_success" time="0.517" /><testcase classname="backend.tests.test_admin_members.TestRevokeMembership" name="test_revoke_membership_no_active_membership" time="0.559" /><testcase classname="backend.tests.test_admin_members.TestCreateMemberWithNotification" name="test_create_member_success" time="0.554" /></testsuite></testsuites>