<?xml version="1.0" encoding="utf-8"?><testsuites name="pytest tests"><testsuite name="pytest" errors="0" failures="0" skipped="0" tests="9" time="10.785" timestamp="2026-02-13T11:54:12.674049+00:00" hostname="agent-env-606649d8-3b1f-4b0e-a957-c5de2c9f0101"><testcase classname="test_smtp_whatsapp.TestAuthEndpoints" name="test_admin_login_success" time="0.524" /><testcase classname="test_smtp_whatsapp.TestAuthEndpoints" name="test_admin_login_invalid_credentials" time="1.792" /><testcase classname="test_smtp_whatsapp.TestSettingsEndpoints" name="test_get_settings" time="0.533" /><testcase classname="test_smtp_whatsapp.TestSMTPIntegration" name="test_smtp_test_email_endpoint" time="4.629" /><testcase classname="test_smtp_whatsapp.TestWhatsAppIntegration" name="test_whatsapp_test_message_endpoint" time="0.887" /><testcase classname="test_smtp_whatsapp.TestWhatsAppIntegration" name="test_whatsapp_with_spaces_in_number" time="0.842" /><testcase classname="test_smtp_whatsapp.TestAdditionalEndpoints" name="test_get_plans" time="0.442" /><testcase classname="test_smtp_whatsapp.TestAdditionalEndpoints" name="test_get_users_admin" time="0.541" /><testcase classname="test_smtp_whatsapp.TestAdditionalEndpoints" name="test_get_dashboard_stats" time="0.537" /></testsuite></testsuites>