<?xml version="1.0" encoding="utf-8"?><testsuites name="pytest tests"><testsuite name="pytest" errors="0" failures="0" skipped="0" tests="16" time="8.695" timestamp="2026-02-13T14:07:52.930392+00:00" hostname="agent-env-3ce56be8-4a15-4146-b691-6848dddebaf2"><testcase classname="backend.tests.test_auth_flows.TestLoginAPI" name="test_admin_login_success" time="0.467" /><testcase classname="backend.tests.test_auth_flows.TestLoginAPI" name="test_member_login_success" time="0.379" /><testcase classname="backend.tests.test_auth_flows.TestLoginAPI" name="test_login_invalid_credentials" time="0.173" /><testcase classname="backend.tests.test_auth_flows.TestLoginAPI" name="test_login_with_phone_number" time="0.356" /><testcase classname="backend.tests.test_auth_flows.TestSignupOTPFlow" name="test_send_otp_for_new_user" time="0.133" /><testcase classname="backend.tests.test_auth_flows.TestSignupOTPFlow" name="test_duplicate_email_prevention" time="0.282" /><testcase classname="backend.tests.test_auth_flows.TestSignupOTPFlow" name="test_duplicate_phone_prevention" time="0.120" /><testcase classname="backend.tests.test_auth_flows.TestSignupOTPFlow" name="test_complete_signup_flow_e2e" time="0.759" /><testcase classname="backend.tests.test_auth_flows.TestForgotPasswordFlow" name="test_forgot_password_send_otp" time="0.251" /><testcase classname="backend.tests.test_auth_flows.TestForgotPasswordFlow" name="test_forgot_password_nonexistent_email" time="0.145" /><testcase classname="backend.tests.test_auth_flows.TestForgotPasswordFlow" name="test_reset_password_complete_flow" time="0.456" /><testcase classname="backend.tests.test_auth_flows.TestProfileAndChangePassword" name="test_get_current_user_profile" time="0.550" /><testcase classname="backend.tests.test_auth_flows.TestProfileAndChangePassword" name="test_update_profile_info" time="0.845" /><testcase classname="backend.tests.test_auth_flows.TestProfileAndChangePassword" name="test_change_password" time="2.224" /><testcase classname="backend.tests.test_auth_flows.TestProfileAndChangePassword" name="test_change_password_wrong_current" time="0.791" /><testcase classname="backend.tests.test_auth_flows.TestDashboardStats" name="test_admin_dashboard_stats" time="0.606" /></testsuite></testsuites>