<?xml version="1.0" encoding="utf-8"?><testsuites name="pytest tests"><testsuite name="pytest" errors="0" failures="2" skipped="0" tests="15" time="8.590" timestamp="2026-02-14T08:48:26.426938+00:00" hostname="agent-env-5ac7d344-10dc-4087-a1c3-20a03ace1f08"><testcase classname="backend.tests.test_iteration7_bug_fixes.TestAdminAuth" name="test_admin_login" time="0.499" /><testcase classname="backend.tests.test_iteration7_bug_fixes.TestTrainerPasswordReset" name="test_get_trainers_list" time="0.489" /><testcase classname="backend.tests.test_iteration7_bug_fixes.TestTrainerPasswordReset" name="test_create_test_trainer" time="0.737" /><testcase classname="backend.tests.test_iteration7_bug_fixes.TestTrainerPasswordReset" name="test_admin_reset_trainer_password" time="1.248" /><testcase classname="backend.tests.test_iteration7_bug_fixes.TestBroadcastEndpoints" name="test_whatsapp_broadcast_endpoint_exists" time="0.485" /><testcase classname="backend.tests.test_iteration7_bug_fixes.TestBroadcastEndpoints" name="test_whatsapp_broadcast_active_members" time="1.195" /><testcase classname="backend.tests.test_iteration7_bug_fixes.TestBroadcastEndpoints" name="test_email_broadcast_endpoint_exists" time="0.777"><failure message="AssertionError: Email broadcast failed: {&quot;detail&quot;:[{&quot;type&quot;:&quot;missing&quot;,&quot;loc&quot;:[&quot;body&quot;,&quot;request&quot;],&quot;msg&quot;:&quot;Field required&quot;,&quot;input&quot;:null,&quot;url&quot;:&quot;https://errors.pydantic.dev/2.12/v/missing&quot;},{&quot;type&quot;:&quot;missing&quot;,&quot;loc&quot;:[&quot;body&quot;,&quot;subject&quot;],&quot;msg&quot;:&quot;Field required&quot;,&quot;input&quot;:null,&quot;url&quot;:&quot;https://errors.pydantic.dev/2.12/v/missing&quot;}]}&#10;assert 422 == 200&#10; +  where 422 = &lt;Response [422]&gt;.status_code">backend/tests/test_iteration7_bug_fixes.py:168: in test_email_broadcast_endpoint_exists
    assert response.status_code == 200, f"Email broadcast failed: {response.text}"
E   AssertionError: Email broadcast failed: {"detail":[{"type":"missing","loc":["body","request"],"msg":"Field required","input":null,"url":"https://errors.pydantic.dev/2.12/v/missing"},{"type":"missing","loc":["body","subject"],"msg":"Field required","input":null,"url":"https://errors.pydantic.dev/2.12/v/missing"}]}
E   assert 422 == 200
E    +  where 422 = &lt;Response [422]&gt;.status_code</failure></testcase><testcase classname="backend.tests.test_iteration7_bug_fixes.TestBroadcastEndpoints" name="test_email_broadcast_inactive_members" time="0.501"><failure message="assert 422 == 200&#10; +  where 422 = &lt;Response [422]&gt;.status_code">backend/tests/test_iteration7_bug_fixes.py:184: in test_email_broadcast_inactive_members
    assert response.status_code == 200
E   assert 422 == 200
E    +  where 422 = &lt;Response [422]&gt;.status_code</failure></testcase><testcase classname="backend.tests.test_iteration7_bug_fixes.TestTemplatesEndpoints" name="test_get_all_templates" time="0.481" /><testcase classname="backend.tests.test_iteration7_bug_fixes.TestTemplatesEndpoints" name="test_update_email_template" time="0.496" /><testcase classname="backend.tests.test_iteration7_bug_fixes.TestTemplatesEndpoints" name="test_update_whatsapp_template" time="0.495" /><testcase classname="backend.tests.test_iteration7_bug_fixes.TestTemplatesEndpoints" name="test_templates_have_required_fields" time="0.495" /><testcase classname="backend.tests.test_iteration7_bug_fixes.TestAPIURLConfiguration" name="test_base_url_configured" time="0.000" /><testcase classname="backend.tests.test_iteration7_bug_fixes.TestAPIURLConfiguration" name="test_health_endpoint" time="0.105" /><testcase classname="backend.tests.test_iteration7_bug_fixes.TestCleanup" name="test_cleanup_test_trainers" time="0.488" /></testsuite></testsuites>