<?xml version="1.0" encoding="utf-8"?><testsuites name="pytest tests"><testsuite name="pytest" errors="0" failures="0" skipped="0" tests="15" time="8.713" timestamp="2026-02-14T08:49:12.130878+00:00" hostname="agent-env-5ac7d344-10dc-4087-a1c3-20a03ace1f08"><testcase classname="backend.tests.test_iteration7_bug_fixes.TestAdminAuth" name="test_admin_login" time="0.426" /><testcase classname="backend.tests.test_iteration7_bug_fixes.TestTrainerPasswordReset" name="test_get_trainers_list" time="0.489" /><testcase classname="backend.tests.test_iteration7_bug_fixes.TestTrainerPasswordReset" name="test_create_test_trainer" time="0.692" /><testcase classname="backend.tests.test_iteration7_bug_fixes.TestTrainerPasswordReset" name="test_admin_reset_trainer_password" time="1.120" /><testcase classname="backend.tests.test_iteration7_bug_fixes.TestBroadcastEndpoints" name="test_whatsapp_broadcast_endpoint_exists" time="0.523" /><testcase classname="backend.tests.test_iteration7_bug_fixes.TestBroadcastEndpoints" name="test_whatsapp_broadcast_active_members" time="1.281" /><testcase classname="backend.tests.test_iteration7_bug_fixes.TestBroadcastEndpoints" name="test_email_broadcast_endpoint_exists" time="0.944" /><testcase classname="backend.tests.test_iteration7_bug_fixes.TestBroadcastEndpoints" name="test_email_broadcast_inactive_members" time="0.527" /><testcase classname="backend.tests.test_iteration7_bug_fixes.TestTemplatesEndpoints" name="test_get_all_templates" time="0.522" /><testcase classname="backend.tests.test_iteration7_bug_fixes.TestTemplatesEndpoints" name="test_update_email_template" time="0.513" /><testcase classname="backend.tests.test_iteration7_bug_fixes.TestTemplatesEndpoints" name="test_update_whatsapp_template" time="0.489" /><testcase classname="backend.tests.test_iteration7_bug_fixes.TestTemplatesEndpoints" name="test_templates_have_required_fields" time="0.535" /><testcase classname="backend.tests.test_iteration7_bug_fixes.TestAPIURLConfiguration" name="test_base_url_configured" time="0.000" /><testcase classname="backend.tests.test_iteration7_bug_fixes.TestAPIURLConfiguration" name="test_health_endpoint" time="0.107" /><testcase classname="backend.tests.test_iteration7_bug_fixes.TestCleanup" name="test_cleanup_test_trainers" time="0.488" /></testsuite></testsuites>