<?xml version="1.0" encoding="utf-8"?><testsuites name="pytest tests"><testsuite name="pytest" errors="0" failures="0" skipped="0" tests="10" time="4.212" timestamp="2026-02-13T15:01:32.826104+00:00" hostname="agent-env-3ce56be8-4a15-4146-b691-6848dddebaf2"><testcase classname="backend.tests.test_bug_fixes_iteration6.TestJoiningDateFeature" name="test_create_member_with_joining_date" time="1.365" /><testcase classname="backend.tests.test_bug_fixes_iteration6.TestJoiningDateFeature" name="test_create_member_without_joining_date_defaults_to_now" time="0.513" /><testcase classname="backend.tests.test_bug_fixes_iteration6.TestJoiningDateFeature" name="test_update_member_joining_date" time="0.562" /><testcase classname="backend.tests.test_bug_fixes_iteration6.TestProfilePhotoFeature" name="test_update_member_profile_photo_url" time="0.158" /><testcase classname="backend.tests.test_bug_fixes_iteration6.TestProfilePhotoFeature" name="test_update_both_joining_date_and_photo" time="0.143" /><testcase classname="backend.tests.test_bug_fixes_iteration6.TestGetUserById" name="test_get_user_by_id_returns_joining_date" time="0.159" /><testcase classname="backend.tests.test_bug_fixes_iteration6.TestGetUserById" name="test_get_user_by_id_returns_profile_photo" time="0.229" /><testcase classname="backend.tests.test_bug_fixes_iteration6.TestUserUpdate" name="test_user_update_model_accepts_joining_date" time="0.177" /><testcase classname="backend.tests.test_bug_fixes_iteration6.TestUserUpdate" name="test_user_update_model_accepts_profile_photo_url" time="0.176" /><testcase classname="backend.tests.test_bug_fixes_iteration6.TestMembersListWithMembership" name="test_members_list_includes_joining_date" time="0.668" /></testsuite></testsuites>